<?xml version="1.0" encoding="UTF-8"?>
<testng-results skipped="0" failed="0" total="1" passed="1">
  <reporter-output>
  </reporter-output>
  <suite name="Default suite" duration-ms="9558" started-at="2017-02-24T17:02:33Z" finished-at="2017-02-24T17:02:42Z">
    <groups>
    </groups>
    <test name="Default test" duration-ms="9558" started-at="2017-02-24T17:02:33Z" finished-at="2017-02-24T17:02:42Z">
      <class name="MK.LoginTest">
        <test-method status="PASS" signature="initTestSuite()[pri:0, instance:MK.LoginTest@29774679]" name="initTestSuite" is-config="true" duration-ms="50" started-at="2017-02-24T20:02:33Z" finished-at="2017-02-24T20:02:33Z">
          <reporter-output>
          </reporter-output>
        </test-method> <!-- initTestSuite -->
        <test-method status="PASS" signature="initWebDriver()[pri:0, instance:MK.LoginTest@29774679]" name="initWebDriver" is-config="true" duration-ms="7358" started-at="2017-02-24T20:02:33Z" finished-at="2017-02-24T20:02:40Z">
          <reporter-output>
          </reporter-output>
        </test-method> <!-- initWebDriver -->
        <test-method status="PASS" signature="testLogin()[pri:0, instance:MK.LoginTest@29774679]" name="testLogin" duration-ms="2178" started-at="2017-02-24T20:02:40Z" finished-at="2017-02-24T20:02:42Z">
          <reporter-output>
          </reporter-output>
        </test-method> <!-- testLogin -->
        <test-method status="PASS" signature="tearDown()[pri:0, instance:MK.LoginTest@29774679]" name="tearDown" is-config="true" duration-ms="1057" started-at="2017-02-24T20:02:42Z" finished-at="2017-02-24T20:02:43Z">
          <reporter-output>
          </reporter-output>
        </test-method> <!-- tearDown -->
      </class> <!-- MK.LoginTest -->
    </test> <!-- Default test -->
  </suite> <!-- Default suite -->
</testng-results>
